[debug] [2019-05-11T11:31:23.856Z] ----------------------------------------------------------------------
[debug] [2019-05-11T11:31:23.861Z] Command:       C:\Program Files\nodejs\node.exe C:\Users\tobi6\AppData\Roaming\npm\node_modules\firebase-tools\lib\bin\firebase.js deploy
[debug] [2019-05-11T11:31:23.861Z] CLI Version:   6.9.1
[debug] [2019-05-11T11:31:23.862Z] Platform:      win32
[debug] [2019-05-11T11:31:23.862Z] Node Version:  v8.11.4
[debug] [2019-05-11T11:31:23.863Z] Time:          Sat May 11 2019 13:31:23 GMT+0200 (Mitteleuropäische Sommerzeit)
[debug] [2019-05-11T11:31:23.863Z] ----------------------------------------------------------------------
[debug] 
[debug] [2019-05-11T11:31:23.889Z] > command requires scopes: ["email","openid","https://www.googleapis.com/auth/cloudplatformprojects.readonly","https://www.googleapis.com/auth/firebase","https://www.googleapis.com/auth/cloud-platform"]
[debug] [2019-05-11T11:31:23.893Z] > authorizing via signed-in user
[debug] [2019-05-11T11:31:23.893Z] [iam] checking project einkauf-b61cc for permissions ["datastore.indexes.create","datastore.indexes.delete","datastore.indexes.list","datastore.indexes.update","firebase.projects.get","firebasehosting.sites.update"]
[debug] [2019-05-11T11:31:23.897Z] > refreshing access token with scopes: ["email","https://www.googleapis.com/auth/cloud-platform","https://www.googleapis.com/auth/cloudplatformprojects.readonly","https://www.googleapis.com/auth/firebase","openid"]
[debug] [2019-05-11T11:31:23.898Z] >>> HTTP REQUEST POST https://www.googleapis.com/oauth2/v3/token  
 <request body omitted>
[debug] [2019-05-11T11:31:24.185Z] <<< HTTP RESPONSE 200
[debug] [2019-05-11T11:31:24.208Z] >>> HTTP REQUEST POST https://cloudresourcemanager.googleapis.com/v1/projects/einkauf-b61cc:testIamPermissions  

[debug] [2019-05-11T11:31:25.213Z] <<< HTTP RESPONSE 200
[debug] [2019-05-11T11:31:25.219Z] >>> HTTP REQUEST GET https://firebase.googleapis.com/v1beta1/projects/einkauf-b61cc  
 
[debug] [2019-05-11T11:31:25.826Z] <<< HTTP RESPONSE 200
[info] 
[info] === Deploying to 'einkauf-b61cc'...
[info] 
[info] i  deploying firestore, hosting
[info] i  firestore: checking firestore.rules for compilation errors...
[info] i  firestore: reading indexes from firestore.indexes.json...
[debug] [2019-05-11T11:31:25.920Z] >>> HTTP REQUEST POST https://firebaserules.googleapis.com/v1/projects/einkauf-b61cc:test  

[debug] [2019-05-11T11:31:27.055Z] <<< HTTP RESPONSE 200
[info] +  firestore: rules file firestore.rules compiled successfully
[debug] [2019-05-11T11:31:27.062Z] >>> HTTP REQUEST POST https://firebasehosting.googleapis.com/v1beta1/sites/einkauf-b61cc/versions  

[debug] [2019-05-11T11:31:28.846Z] <<< HTTP RESPONSE 200
[info] i  firestore: uploading rules firestore.rules...
[debug] [2019-05-11T11:31:28.858Z] >>> HTTP REQUEST POST https://firebaserules.googleapis.com/v1/projects/einkauf-b61cc/rulesets  

[debug] [2019-05-11T11:31:28.859Z] >>> HTTP REQUEST GET https://firestore.googleapis.com/v1beta2/projects/einkauf-b61cc/databases/(default)/collectionGroups/-/indexes  
 
[debug] [2019-05-11T11:31:29.199Z] <<< HTTP RESPONSE 200
[debug] [2019-05-11T11:31:29.201Z] >>> HTTP REQUEST GET https://firestore.googleapis.com/v1beta2/projects/einkauf-b61cc/databases/(default)/collectionGroups/-/fields?filter=indexConfig.usesAncestorConfig=false  
 
[debug] [2019-05-11T11:31:29.511Z] <<< HTTP RESPONSE 200
[info] +  firestore: deployed indexes in firestore.indexes.json successfully
[debug] [2019-05-11T11:31:30.125Z] <<< HTTP RESPONSE 200
[debug] [2019-05-11T11:31:30.127Z] [rules] created ruleset projects/einkauf-b61cc/rulesets/4940bdb6-0cd5-4bb4-a211-bd0121f7131e
[info] i  hosting[einkauf-b61cc]: beginning deploy...
[info] i  hosting[einkauf-b61cc]: found 14 files in build
[debug] [2019-05-11T11:31:30.176Z] [hosting] hash cache [YnVpbGQ] load error: lines is not defined
[debug] [2019-05-11T11:31:31.774Z] [hosting] hash cache [YnVpbGQ] stored for 14 files
[debug] [2019-05-11T11:31:31.774Z] [hosting][hash queue][FINAL]
[debug] [2019-05-11T11:31:31.775Z] >>> HTTP REQUEST POST https://firebasehosting.googleapis.com/v1beta1/sites/einkauf-b61cc/versions/9897cc13e1848ede:populateFiles  
 <request body omitted>
[debug] [2019-05-11T11:31:33.506Z] <<< HTTP RESPONSE 200
[debug] [2019-05-11T11:31:33.538Z] [hosting][populate queue][FINAL]
[debug] [2019-05-11T11:31:33.538Z] [hosting] uploads queued: 11
